This file contains any messages produced by compilers while
running configure, to aid debugging if configure makes a mistake.

It was created by LibTIFF Software configure 3.7.3, which was
generated by GNU Autoconf 2.59.  Invocation command line was

  $ ./configure -C -quiet -with-CC=cc --libdir=/Users/gward/cvs/ray/src/px/tiff/../../lib --includedir=/Users/gward/cvs/ray/src/px/tiff/../../common --enable-static --disable-shared --disable-cxx --enable-logluv --disable-jpeg --disable-zlib --disable-pixarlog -with-ENVOPTS=-O2 -arch i386 -arch x86_64

## --------- ##
## Platform. ##
## --------- ##

hostname = photon.local
uname -m = x86_64
uname -r = 11.4.2
uname -s = Darwin
uname -v = Darwin Kernel Version 11.4.2: Thu Aug 23 16:25:48 PDT 2012; root:xnu-1699.32.7~1/RELEASE_X86_64

/usr/bin/uname -p = i386
/bin/uname -X     = unknown

/bin/arch              = unknown
/usr/bin/arch -k       = unknown
/usr/convex/getsysinfo = unknown
hostinfo               = Mach kernel version:
	 Darwin Kernel Version 11.4.2: Thu Aug 23 16:25:48 PDT 2012; root:xnu-1699.32.7~1/RELEASE_X86_64
Kernel configured for up to 8 processors.
4 processors are physically available.
8 processors are logically available.
Processor type: i486 (Intel 80486)
Processors active: 0 1 2 3 4 5 6 7
Primary memory available: 16.00 gigabytes
Default processor set: 75 tasks, 352 threads, 8 processors
Load average: 0.86, Mach factor: 7.13
/bin/machine           = unknown
/usr/bin/oslevel       = unknown
/bin/universe          = unknown

PATH: /usr/local/ray
PATH: /Users/gward/bin
PATH: /usr/local/bin
PATH: /usr/local/pbm
PATH: /usr/bin
PATH: /bin
PATH: /usr/sbin
PATH: /sbin
PATH: /usr/local/bin
PATH: /usr/X11/bin
PATH: /Developer/Tools
PATH: /usr/X11R6/bin
PATH: /Library/Frameworks/Python.framework/Versions/2.7/bin
PATH: .


## ----------- ##
## Core tests. ##
## ----------- ##

configure:1464: loading cache config.cache
configure:1598: checking build system type
configure:1616: result: i686-apple-darwin11.4.2
configure:1624: checking host system type
configure:1638: result: i686-apple-darwin11.4.2
configure:1646: checking target system type
configure:1660: result: i686-apple-darwin11.4.2
configure:1689: checking for a BSD-compatible install
configure:1744: result: /usr/bin/install -c
configure:1755: checking whether build environment is sane
configure:1798: result: yes
configure:1863: checking for gawk
configure:1889: result: awk
configure:1899: checking whether make sets $(MAKE)
configure:1919: result: yes
configure:2099: checking for style of include used by make
configure:2127: result: GNU
configure:2198: checking for gcc
configure:2224: result: cc
configure:2468: checking for C compiler version
configure:2471: cc --version </dev/null >&5
i686-apple-darwin10-llvm-gcc-4.2 (GCC) 4.2.1 (Based on Apple Inc. build 5658) (LLVM build 2335.6)
Copyright (C) 2007 Free Software Foundation, Inc.
This is free software; see the source for copying conditions.  There is NO
warranty; not even for MERCHANTABILITY or FITNESS FOR A PARTICULAR PURPOSE.

configure:2474: $? = 0
configure:2476: cc -v </dev/null >&5
Using built-in specs.
Target: i686-apple-darwin10
Configured with: /var/tmp/llvmgcc42/llvmgcc42-2335.6~17/src/configure --disable-checking --enable-werror --prefix=/Developer/usr/llvm-gcc-4.2 --mandir=/share/man --enable-languages=c,objc,c++,obj-c++ --program-prefix=llvm- --program-transform-name=/^[cg][^.-]*$/s/$/-4.2/ --with-slibdir=/usr/lib --build=i686-apple-darwin10 --enable-llvm=/var/tmp/llvmgcc42/llvmgcc42-2335.6~17/dst-llvmCore/Developer/usr/local --program-prefix=i686-apple-darwin10- --host=x86_64-apple-darwin10 --target=i686-apple-darwin10 --with-gxx-include-dir=/usr/include/c++/4.2.1
Thread model: posix
gcc version 4.2.1 (Based on Apple Inc. build 5658) (LLVM build 2335.6)
configure:2479: $? = 0
configure:2481: cc -V </dev/null >&5
llvm-gcc-4.2: argument to `-V' is missing
configure:2484: $? = 1
configure:2507: checking for C compiler default output file name
configure:2510: cc    conftest.c  >&5
configure:2513: $? = 0
configure:2559: result: a.out
configure:2564: checking whether the C compiler works
configure:2570: ./a.out
configure:2573: $? = 0
configure:2590: result: yes
configure:2597: checking whether we are cross compiling
configure:2599: result: no
configure:2602: checking for suffix of executables
configure:2604: cc -o conftest    conftest.c  >&5
configure:2607: $? = 0
configure:2632: result: 
configure:2638: checking for suffix of object files
configure:2684: result: o
configure:2688: checking whether we are using the GNU C compiler
configure:2743: result: yes
configure:2749: checking whether cc accepts -g
configure:2799: result: yes
configure:2816: checking for cc option to accept ANSI C
configure:2922: result: none needed
configure:2940: cc -c -g -O2  conftest.c >&5
conftest.c:2: error: expected '=', ',', ';', 'asm' or '__attribute__' before 'me'
configure:2946: $? = 1
configure: failed program was:
| #ifndef __cplusplus
|   choke me
| #endif
configure:3078: checking dependency style of cc
configure:3168: result: gcc3
configure:3189: checking whether cc understands -c and -o together
configure:3263: result: yes
configure:3288: checking whether to enable maintainer-specific portions of Makefiles
configure:3297: result: no
configure:3387: checking for gcc
configure:3413: result: cc
configure:3657: checking for C compiler version
configure:3660: cc --version </dev/null >&5
i686-apple-darwin10-llvm-gcc-4.2 (GCC) 4.2.1 (Based on Apple Inc. build 5658) (LLVM build 2335.6)
Copyright (C) 2007 Free Software Foundation, Inc.
This is free software; see the source for copying conditions.  There is NO
warranty; not even for MERCHANTABILITY or FITNESS FOR A PARTICULAR PURPOSE.

configure:3663: $? = 0
configure:3665: cc -v </dev/null >&5
Using built-in specs.
Target: i686-apple-darwin10
Configured with: /var/tmp/llvmgcc42/llvmgcc42-2335.6~17/src/configure --disable-checking --enable-werror --prefix=/Developer/usr/llvm-gcc-4.2 --mandir=/share/man --enable-languages=c,objc,c++,obj-c++ --program-prefix=llvm- --program-transform-name=/^[cg][^.-]*$/s/$/-4.2/ --with-slibdir=/usr/lib --build=i686-apple-darwin10 --enable-llvm=/var/tmp/llvmgcc42/llvmgcc42-2335.6~17/dst-llvmCore/Developer/usr/local --program-prefix=i686-apple-darwin10- --host=x86_64-apple-darwin10 --target=i686-apple-darwin10 --with-gxx-include-dir=/usr/include/c++/4.2.1
Thread model: posix
gcc version 4.2.1 (Based on Apple Inc. build 5658) (LLVM build 2335.6)
configure:3668: $? = 0
configure:3670: cc -V </dev/null >&5
llvm-gcc-4.2: argument to `-V' is missing
configure:3673: $? = 1
configure:3676: checking whether we are using the GNU C compiler
configure:3731: result: yes
configure:3737: checking whether cc accepts -g
configure:3787: result: yes
configure:3804: checking for cc option to accept ANSI C
configure:3910: result: none needed
configure:3928: cc -c -g -O2  conftest.c >&5
conftest.c:2: error: expected '=', ',', ';', 'asm' or '__attribute__' before 'me'
configure:3934: $? = 1
configure: failed program was:
| #ifndef __cplusplus
|   choke me
| #endif
configure:4066: checking dependency style of cc
configure:4156: result: gcc3
configure:4181: checking for C compiler warning flags
configure:4273: result: -Wall
configure:4290: checking for a BSD-compatible install
configure:4345: result: /usr/bin/install -c
configure:4356: checking whether ln -s works
configure:4360: result: yes
configure:4439: checking for a sed that does not truncate output
configure:4493: result: 
configure:4496: checking for egrep
configure:4506: result: grep -E
configure:4522: checking for ld used by cc
configure:4589: result: /usr/llvm-gcc-4.2/libexec/gcc/i686-apple-darwin10/4.2.1/ld
configure:4598: checking if the linker (/usr/llvm-gcc-4.2/libexec/gcc/i686-apple-darwin10/4.2.1/ld) is GNU ld
configure:4613: result: no
configure:4618: checking for /usr/llvm-gcc-4.2/libexec/gcc/i686-apple-darwin10/4.2.1/ld option to reload object files
configure:4625: result: -r
configure:4634: checking for BSD-compatible nm
configure:4676: result: /usr/bin/nm
configure:4680: checking how to recognise dependent libraries
configure:4854: result: pass_all
configure:5067: checking how to run the C preprocessor
configure:5185: result: cc -E
configure:5209: cc -E  conftest.c
configure:5215: $? = 0
configure:5247: cc -E  conftest.c
conftest.c:11:28: error: ac_nonexistent.h: No such file or directory
configure:5253: $? = 1
configure: failed program was:
| /* confdefs.h.  */
| 
| #define PACKAGE_NAME "LibTIFF Software"
| #define PACKAGE_TARNAME "tiff"
| #define PACKAGE_VERSION "3.7.3"
| #define PACKAGE_STRING "LibTIFF Software 3.7.3"
| #define PACKAGE_BUGREPORT "tiff@remotesensing.org"
| #define PACKAGE "tiff"
| #define VERSION "3.7.3"
| /* end confdefs.h.  */
| #include <ac_nonexistent.h>
configure:5297: checking for ANSI C header files
configure:5452: result: yes
configure:5476: checking for sys/types.h
configure:5521: result: yes
configure:5476: checking for sys/stat.h
configure:5521: result: yes
configure:5476: checking for stdlib.h
configure:5521: result: yes
configure:5476: checking for string.h
configure:5521: result: yes
configure:5476: checking for memory.h
configure:5521: result: yes
configure:5476: checking for strings.h
configure:5521: result: yes
configure:5476: checking for inttypes.h
configure:5521: result: yes
configure:5476: checking for stdint.h
configure:5521: result: yes
configure:5476: checking for unistd.h
configure:5521: result: yes
configure:5538: checking for dlfcn.h
configure:5543: result: yes
configure:5734: checking for g++
configure:5760: result: g++
configure:5776: checking for C++ compiler version
configure:5779: g++ --version </dev/null >&5
i686-apple-darwin10-llvm-g++-4.2 (GCC) 4.2.1 (Based on Apple Inc. build 5658) (LLVM build 2335.6)
Copyright (C) 2007 Free Software Foundation, Inc.
This is free software; see the source for copying conditions.  There is NO
warranty; not even for MERCHANTABILITY or FITNESS FOR A PARTICULAR PURPOSE.

configure:5782: $? = 0
configure:5784: g++ -v </dev/null >&5
Using built-in specs.
Target: i686-apple-darwin10
Configured with: /var/tmp/llvmgcc42/llvmgcc42-2335.6~17/src/configure --disable-checking --enable-werror --prefix=/Developer/usr/llvm-gcc-4.2 --mandir=/share/man --enable-languages=c,objc,c++,obj-c++ --program-prefix=llvm- --program-transform-name=/^[cg][^.-]*$/s/$/-4.2/ --with-slibdir=/usr/lib --build=i686-apple-darwin10 --enable-llvm=/var/tmp/llvmgcc42/llvmgcc42-2335.6~17/dst-llvmCore/Developer/usr/local --program-prefix=i686-apple-darwin10- --host=x86_64-apple-darwin10 --target=i686-apple-darwin10 --with-gxx-include-dir=/usr/include/c++/4.2.1
Thread model: posix
gcc version 4.2.1 (Based on Apple Inc. build 5658) (LLVM build 2335.6)
configure:5787: $? = 0
configure:5789: g++ -V </dev/null >&5
llvm-g++-4.2: argument to `-V' is missing
configure:5792: $? = 1
configure:5795: checking whether we are using the GNU C++ compiler
configure:5850: result: yes
configure:5856: checking whether g++ accepts -g
configure:5906: result: yes
configure:5948: g++ -c -g -O2  conftest.cc >&5
configure:5954: $? = 0
configure:5957: test -z 			 || test ! -s conftest.err
configure:5960: $? = 0
configure:5963: test -s conftest.o
configure:5966: $? = 0
configure:5992: g++ -c -g -O2  conftest.cc >&5
conftest.cc: In function 'int main()':
conftest.cc:26: error: 'exit' was not declared in this scope
configure:5998: $? = 1
configure: failed program was:
| /* confdefs.h.  */
| 
| #define PACKAGE_NAME "LibTIFF Software"
| #define PACKAGE_TARNAME "tiff"
| #define PACKAGE_VERSION "3.7.3"
| #define PACKAGE_STRING "LibTIFF Software 3.7.3"
| #define PACKAGE_BUGREPORT "tiff@remotesensing.org"
| #define PACKAGE "tiff"
| #define VERSION "3.7.3"
| #define STDC_HEADERS 1
| #define HAVE_SYS_TYPES_H 1
| #define HAVE_SYS_STAT_H 1
| #define HAVE_STDLIB_H 1
| #define HAVE_STRING_H 1
| #define HAVE_MEMORY_H 1
| #define HAVE_STRINGS_H 1
| #define HAVE_INTTYPES_H 1
| #define HAVE_STDINT_H 1
| #define HAVE_UNISTD_H 1
| #define HAVE_DLFCN_H 1
| /* end confdefs.h.  */
| 
| int
| main ()
| {
| exit (42);
|   ;
|   return 0;
| }
configure:5948: g++ -c -g -O2  conftest.cc >&5
conftest.cc:22: error: 'void std::exit(int)' should have been declared inside 'std'
In file included from conftest.cc:23:
/usr/include/stdlib.h:159: error: declaration of 'void std::exit(int)' throws different exceptions
conftest.cc:22: error: from previous declaration 'void std::exit(int) throw ()'
configure:5954: $? = 1
configure: failed program was:
| /* confdefs.h.  */
| 
| #define PACKAGE_NAME "LibTIFF Software"
| #define PACKAGE_TARNAME "tiff"
| #define PACKAGE_VERSION "3.7.3"
| #define PACKAGE_STRING "LibTIFF Software 3.7.3"
| #define PACKAGE_BUGREPORT "tiff@remotesensing.org"
| #define PACKAGE "tiff"
| #define VERSION "3.7.3"
| #define STDC_HEADERS 1
| #define HAVE_SYS_TYPES_H 1
| #define HAVE_SYS_STAT_H 1
| #define HAVE_STDLIB_H 1
| #define HAVE_STRING_H 1
| #define HAVE_MEMORY_H 1
| #define HAVE_STRINGS_H 1
| #define HAVE_INTTYPES_H 1
| #define HAVE_STDINT_H 1
| #define HAVE_UNISTD_H 1
| #define HAVE_DLFCN_H 1
| /* end confdefs.h.  */
| extern "C" void std::exit (int) throw (); using std::exit;
| #include <stdlib.h>
| int
| main ()
| {
| exit (42);
|   ;
|   return 0;
| }
configure:5948: g++ -c -g -O2  conftest.cc >&5
conftest.cc:22: error: 'void std::exit(int)' should have been declared inside 'std'
configure:5954: $? = 1
configure: failed program was:
| /* confdefs.h.  */
| 
| #define PACKAGE_NAME "LibTIFF Software"
| #define PACKAGE_TARNAME "tiff"
| #define PACKAGE_VERSION "3.7.3"
| #define PACKAGE_STRING "LibTIFF Software 3.7.3"
| #define PACKAGE_BUGREPORT "tiff@remotesensing.org"
| #define PACKAGE "tiff"
| #define VERSION "3.7.3"
| #define STDC_HEADERS 1
| #define HAVE_SYS_TYPES_H 1
| #define HAVE_SYS_STAT_H 1
| #define HAVE_STDLIB_H 1
| #define HAVE_STRING_H 1
| #define HAVE_MEMORY_H 1
| #define HAVE_STRINGS_H 1
| #define HAVE_INTTYPES_H 1
| #define HAVE_STDINT_H 1
| #define HAVE_UNISTD_H 1
| #define HAVE_DLFCN_H 1
| /* end confdefs.h.  */
| extern "C" void std::exit (int); using std::exit;
| #include <stdlib.h>
| int
| main ()
| {
| exit (42);
|   ;
|   return 0;
| }
configure:5948: g++ -c -g -O2  conftest.cc >&5
In file included from conftest.cc:23:
/usr/include/stdlib.h:159: error: declaration of 'void exit(int)' throws different exceptions
conftest.cc:22: error: from previous declaration 'void exit(int) throw ()'
configure:5954: $? = 1
configure: failed program was:
| /* confdefs.h.  */
| 
| #define PACKAGE_NAME "LibTIFF Software"
| #define PACKAGE_TARNAME "tiff"
| #define PACKAGE_VERSION "3.7.3"
| #define PACKAGE_STRING "LibTIFF Software 3.7.3"
| #define PACKAGE_BUGREPORT "tiff@remotesensing.org"
| #define PACKAGE "tiff"
| #define VERSION "3.7.3"
| #define STDC_HEADERS 1
| #define HAVE_SYS_TYPES_H 1
| #define HAVE_SYS_STAT_H 1
| #define HAVE_STDLIB_H 1
| #define HAVE_STRING_H 1
| #define HAVE_MEMORY_H 1
| #define HAVE_STRINGS_H 1
| #define HAVE_INTTYPES_H 1
| #define HAVE_STDINT_H 1
| #define HAVE_UNISTD_H 1
| #define HAVE_DLFCN_H 1
| /* end confdefs.h.  */
| extern "C" void exit (int) throw ();
| #include <stdlib.h>
| int
| main ()
| {
| exit (42);
|   ;
|   return 0;
| }
configure:5948: g++ -c -g -O2  conftest.cc >&5
configure:5954: $? = 0
configure:5957: test -z 			 || test ! -s conftest.err
configure:5960: $? = 0
configure:5963: test -s conftest.o
configure:5966: $? = 0
configure:5992: g++ -c -g -O2  conftest.cc >&5
configure:5998: $? = 0
configure:6001: test -z 			 || test ! -s conftest.err
configure:6004: $? = 0
configure:6007: test -s conftest.o
configure:6010: $? = 0
configure:6035: checking dependency style of g++
configure:6125: result: gcc3
configure:6147: checking how to run the C++ preprocessor
configure:6261: result: g++ -E
configure:6285: g++ -E  conftest.cc
configure:6291: $? = 0
configure:6323: g++ -E  conftest.cc
conftest.cc:25:28: error: ac_nonexistent.h: No such file or directory
configure:6329: $? = 1
configure: failed program was:
| /* confdefs.h.  */
| 
| #define PACKAGE_NAME "LibTIFF Software"
| #define PACKAGE_TARNAME "tiff"
| #define PACKAGE_VERSION "3.7.3"
| #define PACKAGE_STRING "LibTIFF Software 3.7.3"
| #define PACKAGE_BUGREPORT "tiff@remotesensing.org"
| #define PACKAGE "tiff"
| #define VERSION "3.7.3"
| #define STDC_HEADERS 1
| #define HAVE_SYS_TYPES_H 1
| #define HAVE_SYS_STAT_H 1
| #define HAVE_STDLIB_H 1
| #define HAVE_STRING_H 1
| #define HAVE_MEMORY_H 1
| #define HAVE_STRINGS_H 1
| #define HAVE_INTTYPES_H 1
| #define HAVE_STDINT_H 1
| #define HAVE_UNISTD_H 1
| #define HAVE_DLFCN_H 1
| #ifdef __cplusplus
| extern "C" void exit (int);
| #endif
| /* end confdefs.h.  */
| #include <ac_nonexistent.h>
configure:6424: checking for g77
configure:6453: result: no
configure:6424: checking for f77
configure:6453: result: no
configure:6424: checking for xlf
configure:6453: result: no
configure:6424: checking for frt
configure:6453: result: no
configure:6424: checking for pgf77
configure:6453: result: no
configure:6424: checking for fort77
configure:6453: result: no
configure:6424: checking for fl32
configure:6453: result: no
configure:6424: checking for af77
configure:6453: result: no
configure:6424: checking for f90
configure:6453: result: no
configure:6424: checking for xlf90
configure:6453: result: no
configure:6424: checking for pgf90
configure:6453: result: no
configure:6424: checking for epcf90
configure:6453: result: no
configure:6424: checking for f95
configure:6453: result: no
configure:6424: checking for fort
configure:6453: result: no
configure:6424: checking for xlf95
configure:6453: result: no
configure:6424: checking for ifc
configure:6453: result: no
configure:6424: checking for efc
configure:6453: result: no
configure:6424: checking for pgf95
configure:6453: result: no
configure:6424: checking for lf95
configure:6453: result: no
configure:6424: checking for gfortran
configure:6453: result: no
configure:6465: checking for Fortran 77 compiler version
configure:6468:  --version </dev/null >&5
./configure: line 6469: --version: command not found
configure:6471: $? = 127
configure:6473:  -v </dev/null >&5
./configure: line 6474: -v: command not found
configure:6476: $? = 127
configure:6478:  -V </dev/null >&5
./configure: line 6479: -V: command not found
configure:6481: $? = 127
configure:6489: checking whether we are using the GNU Fortran 77 compiler
configure:6534: result: no
configure:6540: checking whether  accepts -g
configure:6582: result: no
configure:6612: checking the maximum length of command line arguments
configure:6677: result: 65536
configure:6688: checking command to parse /usr/bin/nm output from cc object
configure:6880: result: ok
configure:6884: checking for objdir
configure:6899: result: .libs
configure:6989: checking for ar
configure:7016: result: ar
configure:7069: checking for ranlib
configure:7096: result: ranlib
configure:7149: checking for strip
configure:7176: result: strip
configure:7438: checking if cc static flag  works
configure:7461: result: yes
configure:7483: checking if cc supports -fno-rtti -fno-exceptions
configure:7516: result: no
configure:7531: checking for cc option to produce PIC
configure:7708: result: -fno-common
configure:7716: checking if cc PIC flag -fno-common works
configure:7734: cc -c -g -O2  -fno-common -DPIC conftest.c >&5
configure:7738: $? = 0
configure:7749: result: yes
configure:7773: checking if cc supports -c -o file.o
configure:7818: result: yes
configure:7844: checking whether the cc linker (/usr/llvm-gcc-4.2/libexec/gcc/i686-apple-darwin10/4.2.1/ld) supports shared libraries
configure:8691: result: yes
configure:8762: checking dynamic linker characteristics
configure:9314: result: darwin11.4.2 dyld
configure:9318: checking how to hardcode library paths into programs
configure:9343: result: immediate
configure:9357: checking whether stripping libraries is possible
configure:9370: result: yes
configure:10185: checking if libtool supports shared libraries
configure:10187: result: yes
configure:10190: checking whether to build shared libraries
configure:10248: result: no
configure:10251: checking whether to build static libraries
configure:10255: result: yes
configure:10347: creating libtool
configure:10894: checking for ld used by g++
configure:10961: result: /usr/llvm-gcc-4.2/libexec/gcc/i686-apple-darwin10/4.2.1/ld
configure:10970: checking if the linker (/usr/llvm-gcc-4.2/libexec/gcc/i686-apple-darwin10/4.2.1/ld) is GNU ld
configure:10985: result: no
configure:11036: checking whether the g++ linker (/usr/llvm-gcc-4.2/libexec/gcc/i686-apple-darwin10/4.2.1/ld) supports shared libraries
configure:11862: result: yes
configure:11884: g++ -c -g -O2  conftest.cc >&5
configure:11887: $? = 0
configure:11983: checking for g++ option to produce PIC
configure:12235: result: -fno-common
configure:12243: checking if g++ PIC flag -fno-common works
configure:12261: g++ -c -g -O2  -fno-common -DPIC conftest.cc >&5
configure:12265: $? = 0
configure:12276: result: yes
configure:12300: checking if g++ supports -c -o file.o
configure:12345: result: yes
configure:12371: checking whether the g++ linker (/usr/llvm-gcc-4.2/libexec/gcc/i686-apple-darwin10/4.2.1/ld) supports shared libraries
configure:12399: result: yes
configure:12470: checking dynamic linker characteristics
configure:13022: result: darwin11.4.2 dyld
configure:13026: checking how to hardcode library paths into programs
configure:13051: result: immediate
configure:13065: checking whether stripping libraries is possible
configure:13078: result: yes
configure:20319: checking for main in -lc
configure:20374: result: yes
configure:20471: checking for assert.h
configure:20476: result: yes
configure:20471: checking for fcntl.h
configure:20476: result: yes
configure:20471: checking for limits.h
configure:20476: result: yes
configure:20471: checking for malloc.h
configure:20476: result: no
configure:20471: checking for search.h
configure:20476: result: yes
configure:20471: checking for sys/time.h
configure:20476: result: yes
configure:20471: checking for unistd.h
configure:20476: result: yes
configure:20616: checking for an ANSI C-conforming const
configure:20712: result: yes
configure:20722: checking for inline
configure:20773: result: inline
configure:20792: checking whether byte ordering is bigendian
configure:21000: result: no
configure:21019: checking for off_t
configure:21072: result: yes
configure:21084: checking for size_t
configure:21137: result: yes
configure:21149: checking for int
configure:21202: result: yes
configure:21205: checking size of int
configure:21548: result: 4
configure:21555: checking for long
configure:21608: result: yes
configure:21611: checking size of long
configure:21954: result: 8
configure:21961: checking whether time.h and sys/time.h may both be included
configure:22015: result: yes
configure:22025: checking whether struct tm is in sys/time.h or time.h
configure:22077: result: time.h
configure:22087: checking for int8
configure:22145: result: no
configure:22155: checking for int16
configure:22213: result: no
configure:22223: checking for int32
configure:22281: result: no
configure:22307: checking for floor
configure:22394: result: yes
configure:22307: checking for isascii
configure:22394: result: yes
configure:22307: checking for memmove
configure:22394: result: yes
configure:22307: checking for memset
configure:22394: result: yes
configure:22307: checking for mmap
configure:22394: result: yes
configure:22307: checking for pow
configure:22394: result: yes
configure:22307: checking for sqrt
configure:22394: result: yes
configure:22307: checking for strchr
configure:22394: result: yes
configure:22307: checking for strrchr
configure:22394: result: yes
configure:22307: checking for strstr
configure:22394: result: yes
configure:22307: checking for strtol
configure:22394: result: yes
configure:22409: checking for getopt
configure:22496: result: yes
configure:22520: checking for strcasecmp
configure:22607: result: yes
configure:22631: checking for strtoul
configure:22718: result: yes
configure:22739: checking native cpu bit order
configure:22744: result: lsb2msb
configure:22807: checking for special C compiler options needed for large files
configure:22904: result: no
configure:22910: checking for _FILE_OFFSET_BITS value needed for large files
configure:23023: result: no
configure:23033: checking for _LARGE_FILES value needed for large files
configure:23146: result: no
configure:23895: checking for X
configure:24115: result: no
configure:25465: checking for the pthreads library -lpthreads
configure:25503: cc -o conftest -g -O2    conftest.c -lpthreads -lc  >&5
ld: library not found for -lpthreads
collect2: ld returned 1 exit status
configure:25509: $? = 1
configure: failed program was:
| /* confdefs.h.  */
| 
| #define PACKAGE_NAME "LibTIFF Software"
| #define PACKAGE_TARNAME "tiff"
| #define PACKAGE_VERSION "3.7.3"
| #define PACKAGE_STRING "LibTIFF Software 3.7.3"
| #define PACKAGE_BUGREPORT "tiff@remotesensing.org"
| #define PACKAGE "tiff"
| #define VERSION "3.7.3"
| #define STDC_HEADERS 1
| #define HAVE_SYS_TYPES_H 1
| #define HAVE_SYS_STAT_H 1
| #define HAVE_STDLIB_H 1
| #define HAVE_STRING_H 1
| #define HAVE_MEMORY_H 1
| #define HAVE_STRINGS_H 1
| #define HAVE_INTTYPES_H 1
| #define HAVE_STDINT_H 1
| #define HAVE_UNISTD_H 1
| #define HAVE_DLFCN_H 1
| #ifdef __cplusplus
| extern "C" void exit (int);
| #endif
| #define HAVE_LIBC 1
| #define HAVE_ASSERT_H 1
| #define HAVE_FCNTL_H 1
| #define HAVE_LIMITS_H 1
| #define HAVE_SEARCH_H 1
| #define HAVE_SYS_TIME_H 1
| #define HAVE_UNISTD_H 1
| #define SIZEOF_INT 4
| #define SIZEOF_LONG 8
| #define TIME_WITH_SYS_TIME 1
| #define HAVE_FLOOR 1
| #define HAVE_ISASCII 1
| #define HAVE_MEMMOVE 1
| #define HAVE_MEMSET 1
| #define HAVE_MMAP 1
| #define HAVE_POW 1
| #define HAVE_SQRT 1
| #define HAVE_STRCHR 1
| #define HAVE_STRRCHR 1
| #define HAVE_STRSTR 1
| #define HAVE_STRTOL 1
| #define HAVE_GETOPT 1
| #define HAVE_STRCASECMP 1
| #define HAVE_STRTOUL 1
| #define HOST_FILLORDER FILLORDER_LSB2MSB
| #define HOST_BIGENDIAN 0
| #define HAVE_IEEEFP 1
| #define CCITT_SUPPORT 1
| #define PACKBITS_SUPPORT 1
| #define LZW_SUPPORT 1
| #define THUNDER_SUPPORT 1
| #define NEXT_SUPPORT 1
| #define LOGLUV_SUPPORT 1
| #define X_DISPLAY_MISSING 1
| /* end confdefs.h.  */
| #include <pthread.h>
| int
| main ()
| {
| pthread_t th; pthread_join(th, 0);
|                      pthread_attr_init(0); pthread_cleanup_push(0, 0);
|                      pthread_create(0,0,0,0); pthread_cleanup_pop(0);
|   ;
|   return 0;
| }
configure:25535: result: no
configure:25412: checking whether pthreads work without any flags
configure:25503: cc -o conftest -g -O2    conftest.c  -lc  >&5
configure:25509: $? = 0
configure:25512: test -z 			 || test ! -s conftest.err
configure:25515: $? = 0
configure:25518: test -s conftest
configure:25521: $? = 0
configure:25535: result: yes
configure:25554: checking for joinable pthread attribute
configure:25574: cc -o conftest -g -O2    conftest.c  -lc  >&5
configure:25580: $? = 0
configure:25583: test -z 			 || test ! -s conftest.err
configure:25586: $? = 0
configure:25589: test -s conftest
configure:25592: $? = 0
configure:25603: result: PTHREAD_CREATE_JOINABLE
configure:25613: checking if more special flags are required for pthreads
configure:25620: result: -D_THREAD_SAFE
configure:25632: checking for cc_r
configure:25659: result: cc
configure:25720: checking whether we are using the Microsoft C compiler
configure:25775: result: no
configure:25800: checking for windows.h
configure:25805: result: no
configure:25945: checking for OpenGL library
configure:26015: result: no
configure:26038: checking for OpenGL Utility library
configure:26142: result: no
configure:26180: checking for GLUT library
configure:26249: result: no
configure:26505: creating ./config.status

## ---------------------- ##
## Running config.status. ##
## ---------------------- ##

This file was extended by LibTIFF Software config.status 3.7.3, which was
generated by GNU Autoconf 2.59.  Invocation command line was

  CONFIG_FILES    = 
  CONFIG_HEADERS  = 
  CONFIG_LINKS    = 
  CONFIG_COMMANDS = 
  $ ./config.status --quiet

on photon.local

config.status:813: creating Makefile
config.status:813: creating contrib/Makefile
config.status:813: creating contrib/acorn/Makefile
config.status:813: creating contrib/addtiffo/Makefile
config.status:813: creating contrib/dbs/Makefile
config.status:813: creating contrib/dbs/xtiff/Makefile
config.status:813: creating contrib/iptcutil/Makefile
config.status:813: creating contrib/mac-cw/Makefile
config.status:813: creating contrib/mac-mpw/Makefile
config.status:813: creating contrib/mfs/Makefile
config.status:813: creating contrib/ojpeg/Makefile
config.status:813: creating contrib/pds/Makefile
config.status:813: creating contrib/ras/Makefile
config.status:813: creating contrib/stream/Makefile
config.status:813: creating contrib/tags/Makefile
config.status:813: creating contrib/win_dib/Makefile
config.status:813: creating html/Makefile
config.status:813: creating html/images/Makefile
config.status:813: creating html/man/Makefile
config.status:813: creating libtiff/Makefile
config.status:813: creating man/Makefile
config.status:813: creating port/Makefile
config.status:813: creating test/Makefile
config.status:813: creating tools/Makefile
config.status:879: creating libtiff/tif_config.h
config.status:1083: libtiff/tif_config.h is unchanged
config.status:879: creating libtiff/tiffconf.h
config.status:1083: libtiff/tiffconf.h is unchanged
config.status:1263: executing depfiles commands

## ---------------- ##
## Cache variables. ##
## ---------------- ##

ac_cv_build=i686-apple-darwin11.4.2
ac_cv_build_alias=i686-apple-darwin11.4.2
ac_cv_c_bigendian=no
ac_cv_c_compiler_gnu=yes
ac_cv_c_const=yes
ac_cv_c_inline=inline
ac_cv_cxx_compiler_gnu=yes
ac_cv_env_CC_set=set
ac_cv_env_CC_value=cc
ac_cv_env_CFLAGS_set=
ac_cv_env_CFLAGS_value=
ac_cv_env_CPPFLAGS_set=
ac_cv_env_CPPFLAGS_value=
ac_cv_env_CPP_set=
ac_cv_env_CPP_value=
ac_cv_env_CXXCPP_set=
ac_cv_env_CXXCPP_value=
ac_cv_env_CXXFLAGS_set=
ac_cv_env_CXXFLAGS_value=
ac_cv_env_CXX_set=
ac_cv_env_CXX_value=
ac_cv_env_F77_set=
ac_cv_env_F77_value=
ac_cv_env_FFLAGS_set=
ac_cv_env_FFLAGS_value=
ac_cv_env_LDFLAGS_set=
ac_cv_env_LDFLAGS_value=
ac_cv_env_build_alias_set=
ac_cv_env_build_alias_value=
ac_cv_env_host_alias_set=
ac_cv_env_host_alias_value=
ac_cv_env_target_alias_set=
ac_cv_env_target_alias_value=
ac_cv_exeext=
ac_cv_f77_compiler_gnu=no
ac_cv_func_floor=yes
ac_cv_func_getopt=yes
ac_cv_func_isascii=yes
ac_cv_func_memmove=yes
ac_cv_func_memset=yes
ac_cv_func_mmap=yes
ac_cv_func_pow=yes
ac_cv_func_sqrt=yes
ac_cv_func_strcasecmp=yes
ac_cv_func_strchr=yes
ac_cv_func_strrchr=yes
ac_cv_func_strstr=yes
ac_cv_func_strtol=yes
ac_cv_func_strtoul=yes
ac_cv_have_x=have_x=no
ac_cv_header_assert_h=yes
ac_cv_header_dlfcn_h=yes
ac_cv_header_fcntl_h=yes
ac_cv_header_inttypes_h=yes
ac_cv_header_limits_h=yes
ac_cv_header_malloc_h=no
ac_cv_header_memory_h=yes
ac_cv_header_search_h=yes
ac_cv_header_stdc=yes
ac_cv_header_stdint_h=yes
ac_cv_header_stdlib_h=yes
ac_cv_header_string_h=yes
ac_cv_header_strings_h=yes
ac_cv_header_sys_stat_h=yes
ac_cv_header_sys_time_h=yes
ac_cv_header_sys_types_h=yes
ac_cv_header_time=yes
ac_cv_header_unistd_h=yes
ac_cv_header_windows_h=no
ac_cv_host=i686-apple-darwin11.4.2
ac_cv_host_alias=i686-apple-darwin11.4.2
ac_cv_lib_c_main=yes
ac_cv_objext=o
ac_cv_path_install='/usr/bin/install -c'
ac_cv_prog_AWK=awk
ac_cv_prog_CPP='cc -E'
ac_cv_prog_CXXCPP='g++ -E'
ac_cv_prog_PTHREAD_CC=cc
ac_cv_prog_ac_ct_AR=ar
ac_cv_prog_ac_ct_CC=cc
ac_cv_prog_ac_ct_CXX=g++
ac_cv_prog_ac_ct_RANLIB=ranlib
ac_cv_prog_ac_ct_STRIP=strip
ac_cv_prog_cc_cc_c_o=yes
ac_cv_prog_cc_g=yes
ac_cv_prog_cc_stdc=
ac_cv_prog_cxx_g=yes
ac_cv_prog_egrep='grep -E'
ac_cv_prog_f77_g=no
ac_cv_prog_make_make_set=yes
ac_cv_sizeof_int=4
ac_cv_sizeof_long=8
ac_cv_struct_tm=time.h
ac_cv_sys_file_offset_bits=no
ac_cv_sys_large_files=no
ac_cv_sys_largefile_CC=no
ac_cv_target=i686-apple-darwin11.4.2
ac_cv_target_alias=i686-apple-darwin11.4.2
ac_cv_type_int=yes
ac_cv_type_int16=no
ac_cv_type_int32=no
ac_cv_type_int8=no
ac_cv_type_long=yes
ac_cv_type_off_t=yes
ac_cv_type_size_t=yes
am_cv_CC_dependencies_compiler_type=gcc3
am_cv_CXX_dependencies_compiler_type=gcc3
ax_cv_c_compiler_ms=no
ax_cv_check_gl_libgl=no
ax_cv_check_glu_libglu=no
ax_cv_check_glut_libglut=no
lt_cv_deplibs_check_method=pass_all
lt_cv_file_magic_cmd='$MAGIC_CMD'
lt_cv_file_magic_test_file=
lt_cv_ld_reload_flag=-r
lt_cv_objdir=.libs
lt_cv_path_LD=/usr/llvm-gcc-4.2/libexec/gcc/i686-apple-darwin10/4.2.1/ld
lt_cv_path_LDCXX=/usr/llvm-gcc-4.2/libexec/gcc/i686-apple-darwin10/4.2.1/ld
lt_cv_path_NM=/usr/bin/nm
lt_cv_path_SED=/usr/bin/sed
lt_cv_prog_compiler_c_o=yes
lt_cv_prog_compiler_c_o_CXX=yes
lt_cv_prog_compiler_rtti_exceptions=no
lt_cv_prog_gnu_ld=no
lt_cv_prog_gnu_ldcxx=no
lt_cv_sys_global_symbol_pipe='sed -n -e '\''s/^.*[ 	]\([BCDEGRST][BCDEGRST]*\)[ 	][ 	]*\(_\)\([_A-Za-z][_A-Za-z0-9]*\)$/\1 \2\3 \3/p'\'''
lt_cv_sys_global_symbol_to_c_name_address='sed -n -e '\''s/^: \([^ ]*\) $/  {\"\1\", (lt_ptr) 0},/p'\'' -e '\''s/^[BCDEGRST] \([^ ]*\) \([^ ]*\)$/  {"\2", (lt_ptr) \&\2},/p'\'''
lt_cv_sys_global_symbol_to_cdecl='sed -n -e '\''s/^. .* \(.*\)$/extern int \1;/p'\'''
lt_cv_sys_max_cmd_len=65536
lt_lt_cv_prog_compiler_c_o='"yes"'
lt_lt_cv_prog_compiler_c_o_CXX='"yes"'
lt_lt_cv_sys_global_symbol_pipe='"sed -n -e '\''s/^.*[ 	]\\([BCDEGRST][BCDEGRST]*\\)[ 	][ 	]*\\(_\\)\\([_A-Za-z][_A-Za-z0-9]*\\)\$/\\1 \\2\\3 \\3/p'\''"'
lt_lt_cv_sys_global_symbol_to_c_name_address='"sed -n -e '\''s/^: \\([^ ]*\\) \$/  {\\\"\\1\\\", (lt_ptr) 0},/p'\'' -e '\''s/^[BCDEGRST] \\([^ ]*\\) \\([^ ]*\\)\$/  {\"\\2\", (lt_ptr) \\&\\2},/p'\''"'
lt_lt_cv_sys_global_symbol_to_cdecl='"sed -n -e '\''s/^. .* \\(.*\\)\$/extern int \\1;/p'\''"'
vl_cv_prog_cc_warnings=-Wall

## ----------------- ##
## Output variables. ##
## ----------------- ##

ACLOCAL='${SHELL} /Users/gward/cvs/ray/src/px/tiff/missing --run aclocal-1.9'
AMDEPBACKSLASH='\'
AMDEP_FALSE='#'
AMDEP_TRUE=''
AMTAR='${SHELL} /Users/gward/cvs/ray/src/px/tiff/missing --run tar'
AR='ar'
AUTOCONF='${SHELL} /Users/gward/cvs/ray/src/px/tiff/missing --run autoconf'
AUTOHEADER='${SHELL} /Users/gward/cvs/ray/src/px/tiff/missing --run autoheader'
AUTOMAKE='${SHELL} /Users/gward/cvs/ray/src/px/tiff/missing --run automake-1.9'
AWK='awk'
CC='cc'
CCDEPMODE='depmode=gcc3'
CFLAGS='-g -O2'
CPP='cc -E'
CPPFLAGS=''
CXX='g++'
CXXCPP='g++ -E'
CXXDEPMODE='depmode=gcc3'
CXXFLAGS='-g -O2'
CYGPATH_W='echo'
DEFS='-DHAVE_CONFIG_H'
DEPDIR='.deps'
ECHO='/bin/echo'
ECHO_C='ECHO_N=''
ECHO_T=''
EGREP='grep -E'
EXEEXT=''
F77=''
FFLAGS=''
GLUT_CFLAGS=''
GLUT_LIBS=''
GLU_CFLAGS=''
GLU_LIBS=''
GL_CFLAGS=''
GL_LIBS=''
HAVE_CXX_FALSE=''
HAVE_CXX_TRUE='#'
HAVE_OPENGL_FALSE=''
HAVE_OPENGL_TRUE='#'
HAVE_RPATH_FALSE=''
HAVE_RPATH_TRUE='#'
INSTALL_DATA='${INSTALL} -m 644'
INSTALL_PROGRAM='${INSTALL}'
INSTALL_SCRIPT='${INSTALL}'
INSTALL_STRIP_PROGRAM='${SHELL} $(install_sh) -c -s'
LDFLAGS=''
LIBDIR='/usr/local/lib/ray'
LIBOBJS=''
LIBS='-lc '
LIBTIFF_ALPHA_VERSION=''
LIBTIFF_DOCDIR='${prefix}/share/doc/tiff-3.7.3'
LIBTIFF_MAJOR_VERSION='3'
LIBTIFF_MICRO_VERSION='3'
LIBTIFF_MINOR_VERSION='7'
LIBTIFF_RELEASE_DATE='20150918'
LIBTIFF_VERSION='3.7.3'
LIBTIFF_VERSION_INFO='3:7:3'
LIBTOOL='$(SHELL) $(top_builddir)/libtool'
LN_S='ln -s'
LTLIBOBJS=''
MAINT='#'
MAINTAINER_MODE_FALSE=''
MAINTAINER_MODE_TRUE='#'
MAKEINFO='${SHELL} /Users/gward/cvs/ray/src/px/tiff/missing --run makeinfo'
OBJEXT='o'
PACKAGE='tiff'
PACKAGE_BUGREPORT='tiff@remotesensing.org'
PACKAGE_NAME='LibTIFF Software'
PACKAGE_STRING='LibTIFF Software 3.7.3'
PACKAGE_TARNAME='tiff'
PACKAGE_VERSION='3.7.3'
PATH_SEPARATOR=':'
PTHREAD_CC='cc'
PTHREAD_CFLAGS='-D_THREAD_SAFE '
PTHREAD_LIBS=''
RANLIB='ranlib'
SET_MAKE=''
SHELL='/bin/sh'
STRIP='strip'
VERSION='3.7.3'
X_CFLAGS=''
X_EXTRA_LIBS=''
X_LIBS=''
X_PRE_LIBS=''
ac_ct_AR='ar'
ac_ct_CC='cc'
ac_ct_CXX='g++'
ac_ct_F77=''
ac_ct_RANLIB='ranlib'
ac_ct_STRIP='strip'
acx_pthread_config=''
am__fastdepCC_FALSE='#'
am__fastdepCC_TRUE=''
am__fastdepCXX_FALSE='#'
am__fastdepCXX_TRUE=''
am__include='include'
am__leading_dot='.'
am__quote=''
am__tar='${AMTAR} chof - "$$tardir"'
am__untar='${AMTAR} xf -'
bindir='${exec_prefix}/bin'
build='i686-apple-darwin11.4.2'
build_alias=''
build_cpu='i686'
build_os='darwin11.4.2'
build_vendor='apple'
datadir='${prefix}/share'
exec_prefix='${prefix}'
host='i686-apple-darwin11.4.2'
host_alias=''
host_cpu='i686'
host_os='darwin11.4.2'
host_vendor='apple'
includedir='/Users/gward/cvs/ray/src/px/tiff/../../common'
infodir='${prefix}/info'
install_sh='/Users/gward/cvs/ray/src/px/tiff/install-sh'
libdir='/Users/gward/cvs/ray/src/px/tiff/../../lib'
libexecdir='${exec_prefix}/libexec'
localstatedir='${prefix}/var'
mandir='${prefix}/man'
mkdir_p='$(mkinstalldirs)'
oldincludedir='/usr/include'
prefix='/usr/local'
program_transform_name='s,x,x,'
sbindir='${exec_prefix}/sbin'
sharedstatedir='${prefix}/com'
sysconfdir='${prefix}/etc'
target='i686-apple-darwin11.4.2'
target_alias=''
target_cpu='i686'
target_os='darwin11.4.2'
target_vendor='apple'

## ----------- ##
## confdefs.h. ##
## ----------- ##

#define CCITT_SUPPORT 1
#define CHECK_JPEG_YCBCR_SUBSAMPLING 1
#define DEFAULT_EXTRASAMPLE_AS_ALPHA 1
#define HAVE_ASSERT_H 1
#define HAVE_DLFCN_H 1
#define HAVE_FCNTL_H 1
#define HAVE_FLOOR 1
#define HAVE_GETOPT 1
#define HAVE_IEEEFP 1
#define HAVE_INTTYPES_H 1
#define HAVE_ISASCII 1
#define HAVE_LIBC 1
#define HAVE_LIMITS_H 1
#define HAVE_MEMMOVE 1
#define HAVE_MEMORY_H 1
#define HAVE_MEMSET 1
#define HAVE_MMAP 1
#define HAVE_POW 1
#define HAVE_PTHREAD 1
#define HAVE_SEARCH_H 1
#define HAVE_SQRT 1
#define HAVE_STDINT_H 1
#define HAVE_STDLIB_H 1
#define HAVE_STRCASECMP 1
#define HAVE_STRCHR 1
#define HAVE_STRINGS_H 1
#define HAVE_STRING_H 1
#define HAVE_STRRCHR 1
#define HAVE_STRSTR 1
#define HAVE_STRTOL 1
#define HAVE_STRTOUL 1
#define HAVE_SYS_STAT_H 1
#define HAVE_SYS_TIME_H 1
#define HAVE_SYS_TYPES_H 1
#define HAVE_UNISTD_H 1
#define HAVE_UNISTD_H 1
#define HOST_BIGENDIAN 0
#define HOST_FILLORDER FILLORDER_LSB2MSB
#define LOGLUV_SUPPORT 1
#define LZW_SUPPORT 1
#define NEXT_SUPPORT 1
#define PACKAGE "tiff"
#define PACKAGE_BUGREPORT "tiff@remotesensing.org"
#define PACKAGE_NAME "LibTIFF Software"
#define PACKAGE_STRING "LibTIFF Software 3.7.3"
#define PACKAGE_TARNAME "tiff"
#define PACKAGE_VERSION "3.7.3"
#define PACKBITS_SUPPORT 1
#define SIZEOF_INT 4
#define SIZEOF_LONG 8
#define STDC_HEADERS 1
#define STRIPCHOP_DEFAULT TIFF_STRIPCHOP
#define SUBIFD_SUPPORT 1
#define THUNDER_SUPPORT 1
#define TIME_WITH_SYS_TIME 1
#define VERSION "3.7.3"
#define X_DISPLAY_MISSING 1
#endif
#ifdef __cplusplus
extern "C" void exit (int);

configure: exit 0
